{"uuid":"ddacb837-e63f-4164-9eb9-40a56d9c8d32","historyId":"d1cddd32d2c2663c84b85d07975abf3","fullName":"Product search and cart verification: Search for a product and verify the price in the cart","labels":[{"name":"host","value":"DESKTOP-T1HO9OQ"},{"name":"thread","value":"235864@DESKTOP-T1HO9OQ.main(1)"},{"name":"feature","value":"Product search and cart verification"},{"name":"story","value":"Search for a product and verify the price in the cart"},{"name":"suite","value":"Product search and cart verification"},{"name":"testClass","value":"Search for a product and verify the price in the cart"},{"name":"framework","value":"cucumber4jvm"},{"name":"language","value":"java"},{"name":"gherkin_uri","value":"file:///D:/PROGRAMY/EclipseWorkspace/G2A%20projekt/src/test/java/org/example/features/SearchForProduct.feature"},{"name":"package","value":"src.test.java.org.example.features.SearchForProduct_feature.Product search and cart verification"}],"links":[],"name":"Search for a product and verify the price in the cart","status":"skipped","statusDetails":{"known":false,"muted":false,"flaky":false,"message":"Could not start a new session. Possible causes are invalid address of the remote server or browser start-up failure. \nHost info: host: 'DESKTOP-T1HO9OQ', ip: '172.25.128.1'\nBuild info: version: '4.22.0', revision: 'c5f3146703*'\nSystem info: os.name: 'Windows 10', os.arch: 'amd64', os.version: '10.0', java.version: '11.0.6'\nDriver info: org.openqa.selenium.firefox.FirefoxDriver\nCommand: [null, newSession {capabilities=[Capabilities {acceptInsecureCerts: true, browserName: firefox, moz:debuggerAddress: true, moz:firefoxOptions: {prefs: {dom.disable_open_during_load: true, dom.webnotifications.enabled: false, network.cookie.cookieBehavior: 1, network.cookie.thirdparty.sessionOnly: true, remote.active-protocols: 3}}}]}]","trace":"org.openqa.selenium.SessionNotCreatedException: Could not start a new session. Possible causes are invalid address of the remote server or browser start-up failure. \nHost info: host: 'DESKTOP-T1HO9OQ', ip: '172.25.128.1'\nBuild info: version: '4.22.0', revision: 'c5f3146703*'\nSystem info: os.name: 'Windows 10', os.arch: 'amd64', os.version: '10.0', java.version: '11.0.6'\nDriver info: org.openqa.selenium.firefox.FirefoxDriver\nCommand: [null, newSession {capabilities=[Capabilities {acceptInsecureCerts: true, browserName: firefox, moz:debuggerAddress: true, moz:firefoxOptions: {prefs: {dom.disable_open_during_load: true, dom.webnotifications.enabled: false, network.cookie.cookieBehavior: 1, network.cookie.thirdparty.sessionOnly: true, remote.active-protocols: 3}}}]}]\r\n\tat org.openqa.selenium.remote.RemoteWebDriver.execute(RemoteWebDriver.java:536)\r\n\tat org.openqa.selenium.remote.RemoteWebDriver.startSession(RemoteWebDriver.java:232)\r\n\tat org.openqa.selenium.remote.RemoteWebDriver.<init>(RemoteWebDriver.java:161)\r\n\tat org.openqa.selenium.firefox.FirefoxDriver.<init>(FirefoxDriver.java:155)\r\n\tat org.openqa.selenium.firefox.FirefoxDriver.<init>(FirefoxDriver.java:150)\r\n\tat org.openqa.selenium.firefox.FirefoxDriver.<init>(FirefoxDriver.java:132)\r\n\tat org.openqa.selenium.firefox.FirefoxDriver.<init>(FirefoxDriver.java:127)\r\n\tat org.openqa.selenium.firefox.FirefoxDriver.<init>(FirefoxDriver.java:112)\r\n\tat org.example.driverFactory.DriverFactory.initialize(DriverFactory.java:35)\r\n\tat org.example.steps.Hooks.setup(Hooks.java:11)\r\nCaused by: java.io.UncheckedIOException: java.io.IOException: Cannot run program \"src/test/java/org/example/resources/geckodriver.exe\": CreateProcess error=216, Wersja %1 nie jest zgodna z wersją uruchomionego systemu Windows. Sprawdź informacje dotyczące systemu operacyjnego na tym komputerze, a następnie skontaktuj się z wydawcą oprogramowania\r\n\tat org.openqa.selenium.os.ExternalProcess$Builder.start(ExternalProcess.java:194)\r\n\tat org.openqa.selenium.remote.service.DriverService.start(DriverService.java:207)\r\n\tat org.openqa.selenium.remote.service.DriverCommandExecutor.execute(DriverCommandExecutor.java:117)\r\n\tat org.openqa.selenium.remote.RemoteWebDriver.execute(RemoteWebDriver.java:518)\r\n\tat org.openqa.selenium.remote.RemoteWebDriver.startSession(RemoteWebDriver.java:232)\r\n\tat org.openqa.selenium.remote.RemoteWebDriver.<init>(RemoteWebDriver.java:161)\r\n\tat org.openqa.selenium.firefox.FirefoxDriver.<init>(FirefoxDriver.java:155)\r\n\tat org.openqa.selenium.firefox.FirefoxDriver.<init>(FirefoxDriver.java:150)\r\n\tat org.openqa.selenium.firefox.FirefoxDriver.<init>(FirefoxDriver.java:132)\r\n\tat org.openqa.selenium.firefox.FirefoxDriver.<init>(FirefoxDriver.java:127)\r\n\tat org.openqa.selenium.firefox.FirefoxDriver.<init>(FirefoxDriver.java:112)\r\n\tat org.example.driverFactory.DriverFactory.initialize(DriverFactory.java:35)\r\n\tat org.example.steps.Hooks.setup(Hooks.java:11)\r\n\tat java.base/jdk.internal.reflect.NativeMethodAccessorImpl.invoke0(Native Method)\r\n\tat java.base/jdk.internal.reflect.NativeMethodAccessorImpl.invoke(NativeMethodAccessorImpl.java:62)\r\n\tat java.base/jdk.internal.reflect.DelegatingMethodAccessorImpl.invoke(DelegatingMethodAccessorImpl.java:43)\r\n\tat java.base/java.lang.reflect.Method.invoke(Method.java:566)\r\n\tat io.cucumber.java.Invoker.doInvoke(Invoker.java:66)\r\n\tat io.cucumber.java.Invoker.invoke(Invoker.java:24)\r\n\tat io.cucumber.java.AbstractGlueDefinition.invokeMethod(AbstractGlueDefinition.java:47)\r\n\tat io.cucumber.java.JavaHookDefinition.execute(JavaHookDefinition.java:64)\r\n\tat io.cucumber.core.runner.CoreHookDefinition.execute(CoreHookDefinition.java:46)\r\n\tat io.cucumber.core.runner.HookDefinitionMatch.runStep(HookDefinitionMatch.java:21)\r\n\tat io.cucumber.core.runner.ExecutionMode$1.execute(ExecutionMode.java:10)\r\n\tat io.cucumber.core.runner.TestStep.executeStep(TestStep.java:86)\r\n\tat io.cucumber.core.runner.TestStep.run(TestStep.java:57)\r\n\tat io.cucumber.core.runner.TestCase.run(TestCase.java:89)\r\n\tat io.cucumber.core.runner.Runner.runPickle(Runner.java:75)\r\n\tat io.cucumber.junit.PickleRunners$NoStepDescriptions.lambda$run$0(PickleRunners.java:151)\r\n\tat io.cucumber.core.runtime.CucumberExecutionContext.lambda$runTestCase$3(CucumberExecutionContext.java:151)\r\n\tat io.cucumber.core.runtime.RethrowingThrowableCollector.executeAndThrow(RethrowingThrowableCollector.java:23)\r\n\tat io.cucumber.core.runtime.CucumberExecutionContext.runTestCase(CucumberExecutionContext.java:151)\r\n\tat io.cucumber.junit.PickleRunners$NoStepDescriptions.run(PickleRunners.java:148)\r\n\tat io.cucumber.junit.FeatureRunner.runChild(FeatureRunner.java:144)\r\n\tat io.cucumber.junit.FeatureRunner.runChild(FeatureRunner.java:28)\r\n\tat org.junit.runners.ParentRunner$4.run(ParentRunner.java:331)\r\n\tat org.junit.runners.ParentRunner$1.schedule(ParentRunner.java:79)\r\n\tat org.junit.runners.ParentRunner.runChildren(ParentRunner.java:329)\r\n\tat org.junit.runners.ParentRunner.access$100(ParentRunner.java:66)\r\n\tat org.junit.runners.ParentRunner$2.evaluate(ParentRunner.java:293)\r\n\tat org.junit.runners.ParentRunner$3.evaluate(ParentRunner.java:306)\r\n\tat org.junit.runners.ParentRunner.run(ParentRunner.java:413)\r\n\tat io.cucumber.junit.FeatureRunner.run(FeatureRunner.java:137)\r\n\tat io.cucumber.junit.Cucumber.runChild(Cucumber.java:196)\r\n\tat io.cucumber.junit.Cucumber.runChild(Cucumber.java:89)\r\n\tat org.junit.runners.ParentRunner$4.run(ParentRunner.java:331)\r\n\tat org.junit.runners.ParentRunner$1.schedule(ParentRunner.java:79)\r\n\tat org.junit.runners.ParentRunner.runChildren(ParentRunner.java:329)\r\n\tat org.junit.runners.ParentRunner.access$100(ParentRunner.java:66)\r\n\tat org.junit.runners.ParentRunner$2.evaluate(ParentRunner.java:293)\r\n\tat io.cucumber.junit.Cucumber$RunBeforeAllHooks.evaluate(Cucumber.java:266)\r\n\tat io.cucumber.junit.Cucumber$RunAfterAllHooks.evaluate(Cucumber.java:281)\r\n\tat io.cucumber.junit.Cucumber$StartTestRun.evaluate(Cucumber.java:233)\r\n\tat io.cucumber.junit.Cucumber$FinishTestRun.evaluate(Cucumber.java:248)\r\n\tat org.junit.runners.ParentRunner$3.evaluate(ParentRunner.java:306)\r\n\tat org.junit.runners.ParentRunner.run(ParentRunner.java:413)\r\n\tat org.junit.runner.JUnitCore.run(JUnitCore.java:137)\r\n\tat com.intellij.junit4.JUnit4IdeaTestRunner.startRunnerWithArgs(JUnit4IdeaTestRunner.java:68)\r\n\tat com.intellij.rt.junit.IdeaTestRunner$Repeater.startRunnerWithArgs(IdeaTestRunner.java:33)\r\n\tat com.intellij.rt.junit.JUnitStarter.prepareStreamsAndStart(JUnitStarter.java:230)\r\n\tat com.intellij.rt.junit.JUnitStarter.main(JUnitStarter.java:58)\r\nCaused by: java.io.IOException: Cannot run program \"src/test/java/org/example/resources/geckodriver.exe\": CreateProcess error=216, Wersja %1 nie jest zgodna z wersją uruchomionego systemu Windows. Sprawdź informacje dotyczące systemu operacyjnego na tym komputerze, a następnie skontaktuj się z wydawcą oprogramowania\r\n\tat java.base/java.lang.ProcessBuilder.start(ProcessBuilder.java:1128)\r\n\tat java.base/java.lang.ProcessBuilder.start(ProcessBuilder.java:1071)\r\n\tat org.openqa.selenium.os.ExternalProcess$Builder.start(ExternalProcess.java:192)\r\n\t... 60 more\r\nCaused by: java.io.IOException: CreateProcess error=216, Wersja %1 nie jest zgodna z wersją uruchomionego systemu Windows. Sprawdź informacje dotyczące systemu operacyjnego na tym komputerze, a następnie skontaktuj się z wydawcą oprogramowania\r\n\tat java.base/java.lang.ProcessImpl.create(Native Method)\r\n\tat java.base/java.lang.ProcessImpl.<init>(ProcessImpl.java:478)\r\n\tat java.base/java.lang.ProcessImpl.start(ProcessImpl.java:154)\r\n\tat java.base/java.lang.ProcessBuilder.start(ProcessBuilder.java:1107)\r\n\t... 62 more\r\n"},"stage":"finished","steps":[{"name":"Given  I navigate to the G2A homepage","status":"skipped","statusDetails":{"known":false,"muted":false,"flaky":false},"stage":"finished","steps":[],"attachments":[],"parameters":[],"start":1720519377501,"stop":1720519377503},{"name":"When  I search for \"gta\"","status":"skipped","statusDetails":{"known":false,"muted":false,"flaky":false},"stage":"finished","steps":[],"attachments":[],"parameters":[],"start":1720519377504,"stop":1720519377504},{"name":"And  I note the price of the product","status":"skipped","statusDetails":{"known":false,"muted":false,"flaky":false},"stage":"finished","steps":[],"attachments":[],"parameters":[],"start":1720519377505,"stop":1720519377505},{"name":"And  I add the product to the cart","status":"skipped","statusDetails":{"known":false,"muted":false,"flaky":false},"stage":"finished","steps":[],"attachments":[],"parameters":[],"start":1720519377505,"stop":1720519377506},{"name":"Then  I verify the price in the cart","status":"skipped","statusDetails":{"known":false,"muted":false,"flaky":false},"stage":"finished","steps":[],"attachments":[],"parameters":[],"start":1720519377506,"stop":1720519377506}],"attachments":[],"parameters":[],"start":1720519377172,"stop":1720519377521}